#
# There is insufficient memory for the Java Runtime Environment to continue.
# Native memory allocation (mmap) failed to map 26214400 bytes. Error detail: G1 virtual space
# Possible reasons:
#   The system is out of physical RAM or swap space
#   This process is running with CompressedOops enabled, and the Java Heap may be blocking the growth of the native heap
# Possible solutions:
#   Reduce memory load on the system
#   Increase physical memory or swap space
#   Check if swap backing store is full
#   Decrease Java heap size (-Xmx/-Xms)
#   Decrease number of Java threads
#   Decrease Java thread stack sizes (-Xss)
#   Set larger code cache with -XX:ReservedCodeCacheSize=
#   JVM is running with Unscaled Compressed Oops mode in which the Java heap is
#     placed in the first 4GB address space. The Java Heap base address is the
#     maximum limit for the native heap growth. Please use -XX:HeapBaseMinAddress
#     to set the Java Heap base and to place the Java Heap above 4GB virtual address.
# This output file may be truncated or incomplete.
#
#  Out of Memory Error (os_windows.cpp:3707), pid=13964, tid=17776
#
# JRE version: Java(TM) SE Runtime Environment (23.0.2+7) (build 23.0.2+7-58)
# Java VM: Java HotSpot(TM) 64-Bit Server VM (23.0.2+7-58, mixed mode, sharing, tiered, compressed oops, compressed class ptrs, g1 gc, windows-amd64)
# No core dump will be written. Minidumps are not enabled by default on client versions of Windows
#

---------------  S U M M A R Y ------------

Command Line: --enable-native-access=ALL-UNNAMED -Dclassworlds.conf=C:\Users\pranj\Downloads\Spring Boot\apache-maven-3.9.11\bin\m2.conf -Dmaven.home=C:\Users\pranj\Downloads\Spring Boot\apache-maven-3.9.11 -Dlibrary.jansi.path=C:\Users\pranj\Downloads\Spring Boot\apache-maven-3.9.11\lib\jansi-native -Dmaven.multiModuleProjectDirectory=C:\Users\pranj\Downloads\SIH\timetable org.codehaus.plexus.classworlds.launcher.Launcher spring-boot:run

Host: 11th Gen Intel(R) Core(TM) i3-1115G4 @ 3.00GHz, 4 cores, 7G,  Windows 11 , 64 bit Build 26100 (10.0.26100.4768)
Time: Wed Sep 10 01:57:45 2025 India Standard Time elapsed time: 3.580709 seconds (0d 0h 0m 3s)

---------------  T H R E A D  ---------------

Current thread (0x000001c7bdc7ad80):  VMThread "VM Thread"          [id=17776, stack(0x0000003565f00000,0x0000003566000000) (1024K)]

Stack: [0x0000003565f00000,0x0000003566000000]
Native frames: (J=compiled Java code, j=interpreted, Vv=VM code, C=native code)
V  [jvm.dll+0x6e0b99]  (no source info available)
V  [jvm.dll+0x87e2b3]  (no source info available)
V  [jvm.dll+0x88073e]  (no source info available)
V  [jvm.dll+0x880e13]  (no source info available)
V  [jvm.dll+0x27b006]  (no source info available)
V  [jvm.dll+0x6dd485]  (no source info available)
V  [jvm.dll+0x6d127a]  (no source info available)
V  [jvm.dll+0x35b50a]  (no source info available)
V  [jvm.dll+0x363916]  (no source info available)
V  [jvm.dll+0x34fe7e]  (no source info available)
V  [jvm.dll+0x350118]  (no source info available)
V  [jvm.dll+0x328aec]  (no source info available)
V  [jvm.dll+0x328b7a]  (no source info available)
V  [jvm.dll+0x374db2]  (no source info available)
V  [jvm.dll+0x3734b2]  (no source info available)
V  [jvm.dll+0x3282c7]  (no source info available)
V  [jvm.dll+0x32bd76]  (no source info available)
V  [jvm.dll+0x388c36]  (no source info available)
V  [jvm.dll+0x886d50]  (no source info available)
V  [jvm.dll+0x888077]  (no source info available)
V  [jvm.dll+0x8885a8]  (no source info available)
V  [jvm.dll+0x888843]  (no source info available)
V  [jvm.dll+0x8254cb]  (no source info available)
V  [jvm.dll+0x6df345]  (no source info available)
C  [ucrtbase.dll+0x37b0]  (no source info available)
C  [KERNEL32.DLL+0x2e8d7]  (no source info available)
C  [ntdll.dll+0x3c34c]  (no source info available)

VM_Operation (0x00000035658f6710): CollectForMetadataAllocation, mode: safepoint, requested by thread 0x000001c79f7a8f80


---------------  P R O C E S S  ---------------

Threads class SMR info:
_java_thread_list=0x000001c784269900, length=13, elements={
0x000001c79f7a8f80, 0x000001c7bdc949a0, 0x000001c7bdc954f0, 0x000001c7bdc998d0,
0x000001c7bdc9a420, 0x000001c7bdc9af70, 0x000001c7bdc9e3a0, 0x000001c7bdca1ef0,
0x000001c7bdcbe420, 0x000001c7ff120560, 0x000001c7ff129810, 0x000001c7840ccc70,
0x000001c7845cacf0
}

Java Threads: ( => current thread )
  0x000001c79f7a8f80 JavaThread "main"                              [_thread_blocked, id=9868, stack(0x0000003565800000,0x0000003565900000) (1024K)]
  0x000001c7bdc949a0 JavaThread "Reference Handler"          daemon [_thread_blocked, id=472, stack(0x0000003566000000,0x0000003566100000) (1024K)]
  0x000001c7bdc954f0 JavaThread "Finalizer"                  daemon [_thread_blocked, id=1636, stack(0x0000003566100000,0x0000003566200000) (1024K)]
  0x000001c7bdc998d0 JavaThread "Signal Dispatcher"          daemon [_thread_blocked, id=1344, stack(0x0000003566200000,0x0000003566300000) (1024K)]
  0x000001c7bdc9a420 JavaThread "Attach Listener"            daemon [_thread_blocked, id=5196, stack(0x0000003566300000,0x0000003566400000) (1024K)]
  0x000001c7bdc9af70 JavaThread "Service Thread"             daemon [_thread_blocked, id=1672, stack(0x0000003566400000,0x0000003566500000) (1024K)]
  0x000001c7bdc9e3a0 JavaThread "Monitor Deflation Thread"   daemon [_thread_blocked, id=2128, stack(0x0000003566500000,0x0000003566600000) (1024K)]
  0x000001c7bdca1ef0 JavaThread "C2 CompilerThread0"         daemon [_thread_blocked, id=8344, stack(0x0000003566600000,0x0000003566700000) (1024K)]
  0x000001c7bdcbe420 JavaThread "C1 CompilerThread0"         daemon [_thread_blocked, id=10008, stack(0x0000003566700000,0x0000003566800000) (1024K)]
  0x000001c7ff120560 JavaThread "Notification Thread"        daemon [_thread_blocked, id=13972, stack(0x0000003566800000,0x0000003566900000) (1024K)]
  0x000001c7ff129810 JavaThread "Common-Cleaner"             daemon [_thread_blocked, id=12744, stack(0x0000003566900000,0x0000003566a00000) (1024K)]
  0x000001c7840ccc70 JavaThread "C2 CompilerThread1"         daemon [_thread_blocked, id=17136, stack(0x0000003566d00000,0x0000003566e00000) (1024K)]
  0x000001c7845cacf0 JavaThread "Thread-1"                   daemon [_thread_blocked, id=16096, stack(0x0000003566e00000,0x0000003566f00000) (1024K)]
Total: 13

Other Threads:
=>0x000001c7bdc7ad80 VMThread "VM Thread"                           [id=17776, stack(0x0000003565f00000,0x0000003566000000) (1024K)]
  0x000001c7bdc65fd0 WatcherThread "VM Periodic Task Thread"        [id=13856, stack(0x0000003565e00000,0x0000003565f00000) (1024K)]
  0x000001c7a1a03e40 WorkerThread "GC Thread#0"                     [id=3748, stack(0x0000003565900000,0x0000003565a00000) (1024K)]
  0x000001c7ffb425a0 WorkerThread "GC Thread#1"                     [id=5496, stack(0x0000003566a00000,0x0000003566b00000) (1024K)]
  0x000001c7ffba0940 WorkerThread "GC Thread#2"                     [id=2656, stack(0x0000003566b00000,0x0000003566c00000) (1024K)]
  0x000001c7ffb8e3b0 WorkerThread "GC Thread#3"                     [id=2760, stack(0x0000003566c00000,0x0000003566d00000) (1024K)]
  0x000001c7a1a35510 ConcurrentGCThread "G1 Main Marker"            [id=7968, stack(0x0000003565a00000,0x0000003565b00000) (1024K)]
  0x000001c7a1a37030 WorkerThread "G1 Conc#0"                       [id=17092, stack(0x0000003565b00000,0x0000003565c00000) (1024K)]
  0x000001c7a1a6dfe0 ConcurrentGCThread "G1 Refine#0"               [id=16712, stack(0x0000003565c00000,0x0000003565d00000) (1024K)]
  0x000001c7a1a6ea60 ConcurrentGCThread "G1 Service"                [id=9784, stack(0x0000003565d00000,0x0000003565e00000) (1024K)]
Total: 10

Threads with active compile tasks:
C2 CompilerThread0  3647 5055   !   4       jdk.internal.loader.BuiltinClassLoader::loadClassOrNull (143 bytes)
Total: 1

VM state: at safepoint (normal execution)

VM Mutex/Monitor currently owned by a thread:  ([mutex/lock_event])
[0x00007ffe8aa74888] Threads_lock - owner thread: 0x000001c7bdc7ad80
[0x00007ffe8aa74988] Heap_lock - owner thread: 0x000001c79f7a8f80

Heap address: 0x0000000084000000, size: 1984 MB, Compressed Oops mode: 32-bit

CDS archive(s) mapped at: [0x000001c7be000000-0x000001c7bed70000-0x000001c7bed70000), size 14090240, SharedBaseAddress: 0x000001c7be000000, ArchiveRelocationMode: 1.
Compressed class space mapped at: 0x000001c7bf000000-0x000001c7ff000000, reserved size: 1073741824
Narrow klass base: 0x000001c7be000000, Narrow klass shift: 0, Narrow klass range: 0x41000000

GC Precious Log:
 CardTable entry size: 512
 Card Set container configuration: InlinePtr #cards 5 size 8 Array Of Cards #cards 10 size 36 Howl #buckets 4 coarsen threshold 1843 Howl Bitmap #cards 512 size 80 coarsen threshold 460 Card regions per heap region 1 cards per card region 2048
 CPUs: 4 total, 4 available
 Memory: 7932M
 Large Page Support: Disabled
 NUMA Support: Disabled
 Compressed Oops: Enabled (32-bit)
 Heap Region Size: 1M
 Heap Min Capacity: 8M
 Heap Initial Capacity: 124M
 Heap Max Capacity: 1984M
 Pre-touch: Disabled
 Parallel Workers: 4
 Concurrent Workers: 1
 Concurrent Refinement Workers: 4
 Periodic GC: Disabled

Heap:
 garbage-first heap   total reserved 2031616K, committed 126976K, used 22910K [0x0000000084000000, 0x0000000100000000)
  region size 1024K, 8 young (8192K), 8 survivors (8192K)
 Metaspace       used 21212K, committed 21504K, reserved 1114112K
  class space    used 2572K, committed 2688K, reserved 1048576K

Heap Regions: E=young(eden), S=young(survivor), O=old, HS=humongous(starts), HC=humongous(continues), CS=collection set, F=free, TAMS=top-at-mark-start, PB=parsable bottom
|   0|0x0000000084000000, 0x0000000084100000, 0x0000000084100000|100%| O|  |TAMS 0x0000000084100000| PB 0x0000000084000000| Untracked |  0
|   1|0x0000000084100000, 0x0000000084200000, 0x0000000084200000|100%| O|  |TAMS 0x0000000084200000| PB 0x0000000084100000| Untracked |  0
|   2|0x0000000084200000, 0x0000000084300000, 0x0000000084300000|100%| O|  |TAMS 0x0000000084300000| PB 0x0000000084200000| Untracked |  0
|   3|0x0000000084300000, 0x0000000084400000, 0x0000000084400000|100%| O|  |TAMS 0x0000000084400000| PB 0x0000000084300000| Untracked |  0
|   4|0x0000000084400000, 0x0000000084500000, 0x0000000084500000|100%| O|  |TAMS 0x0000000084500000| PB 0x0000000084400000| Untracked |  0
|   5|0x0000000084500000, 0x0000000084600000, 0x0000000084600000|100%|HS|  |TAMS 0x0000000084600000| PB 0x0000000084500000| Complete |  0
|   6|0x0000000084600000, 0x0000000084700000, 0x0000000084700000|100%|HC|  |TAMS 0x0000000084700000| PB 0x0000000084600000| Complete |  0
|   7|0x0000000084700000, 0x0000000084800000, 0x0000000084800000|100%|HS|  |TAMS 0x0000000084800000| PB 0x0000000084700000| Complete |  0
|   8|0x0000000084800000, 0x0000000084900000, 0x0000000084900000|100%|HC|  |TAMS 0x0000000084900000| PB 0x0000000084800000| Complete |  0
|   9|0x0000000084900000, 0x0000000084a00000, 0x0000000084a00000|100%| O|  |TAMS 0x0000000084900000| PB 0x0000000084900000| Untracked |  0
|  10|0x0000000084a00000, 0x0000000084b00000, 0x0000000084b00000|100%| O|  |TAMS 0x0000000084a00000| PB 0x0000000084a00000| Untracked |  0
|  11|0x0000000084b00000, 0x0000000084bdfae0, 0x0000000084c00000| 87%| O|  |TAMS 0x0000000084b00000| PB 0x0000000084b00000| Untracked |  0
|  12|0x0000000084c00000, 0x0000000084c00000, 0x0000000084d00000|  0%| F|  |TAMS 0x0000000084c00000| PB 0x0000000084c00000| Untracked |  0
|  13|0x0000000084d00000, 0x0000000084d00000, 0x0000000084e00000|  0%| F|  |TAMS 0x0000000084d00000| PB 0x0000000084d00000| Untracked |  0
|  14|0x0000000084e00000, 0x0000000084e00000, 0x0000000084f00000|  0%| F|  |TAMS 0x0000000084e00000| PB 0x0000000084e00000| Untracked |  0
|  15|0x0000000084f00000, 0x0000000084f00000, 0x0000000085000000|  0%| F|  |TAMS 0x0000000084f00000| PB 0x0000000084f00000| Untracked |  0
|  16|0x0000000085000000, 0x0000000085000000, 0x0000000085100000|  0%| F|  |TAMS 0x0000000085000000| PB 0x0000000085000000| Untracked |  0
|  17|0x0000000085100000, 0x0000000085100000, 0x0000000085200000|  0%| F|  |TAMS 0x0000000085100000| PB 0x0000000085100000| Untracked |  0
|  18|0x0000000085200000, 0x0000000085200000, 0x0000000085300000|  0%| F|  |TAMS 0x0000000085200000| PB 0x0000000085200000| Untracked |  0
|  19|0x0000000085300000, 0x0000000085300000, 0x0000000085400000|  0%| F|  |TAMS 0x0000000085300000| PB 0x0000000085300000| Untracked |  0
|  20|0x0000000085400000, 0x0000000085400000, 0x0000000085500000|  0%| F|  |TAMS 0x0000000085400000| PB 0x0000000085400000| Untracked |  0
|  21|0x0000000085500000, 0x0000000085500000, 0x0000000085600000|  0%| F|  |TAMS 0x0000000085500000| PB 0x0000000085500000| Untracked |  0
|  22|0x0000000085600000, 0x0000000085600000, 0x0000000085700000|  0%| F|  |TAMS 0x0000000085600000| PB 0x0000000085600000| Untracked |  0
|  23|0x0000000085700000, 0x0000000085700000, 0x0000000085800000|  0%| F|  |TAMS 0x0000000085700000| PB 0x0000000085700000| Untracked |  0
|  24|0x0000000085800000, 0x0000000085800000, 0x0000000085900000|  0%| F|  |TAMS 0x0000000085800000| PB 0x0000000085800000| Untracked |  0
|  25|0x0000000085900000, 0x0000000085900000, 0x0000000085a00000|  0%| F|  |TAMS 0x0000000085900000| PB 0x0000000085900000| Untracked |  0
|  26|0x0000000085a00000, 0x0000000085a00000, 0x0000000085b00000|  0%| F|  |TAMS 0x0000000085a00000| PB 0x0000000085a00000| Untracked |  0
|  27|0x0000000085b00000, 0x0000000085b00000, 0x0000000085c00000|  0%| F|  |TAMS 0x0000000085b00000| PB 0x0000000085b00000| Untracked |  0
|  28|0x0000000085c00000, 0x0000000085c00000, 0x0000000085d00000|  0%| F|  |TAMS 0x0000000085c00000| PB 0x0000000085c00000| Untracked |  0
|  29|0x0000000085d00000, 0x0000000085d00000, 0x0000000085e00000|  0%| F|  |TAMS 0x0000000085d00000| PB 0x0000000085d00000| Untracked |  0
|  30|0x0000000085e00000, 0x0000000085e00000, 0x0000000085f00000|  0%| F|  |TAMS 0x0000000085e00000| PB 0x0000000085e00000| Untracked |  0
|  31|0x0000000085f00000, 0x0000000085f00000, 0x0000000086000000|  0%| F|  |TAMS 0x0000000085f00000| PB 0x0000000085f00000| Untracked |  0
|  32|0x0000000086000000, 0x0000000086000000, 0x0000000086100000|  0%| F|  |TAMS 0x0000000086000000| PB 0x0000000086000000| Untracked |  0
|  33|0x0000000086100000, 0x0000000086100000, 0x0000000086200000|  0%| F|  |TAMS 0x0000000086100000| PB 0x0000000086100000| Untracked |  0
|  34|0x0000000086200000, 0x0000000086200000, 0x0000000086300000|  0%| F|  |TAMS 0x0000000086200000| PB 0x0000000086200000| Untracked |  0
|  35|0x0000000086300000, 0x0000000086300000, 0x0000000086400000|  0%| F|  |TAMS 0x0000000086300000| PB 0x0000000086300000| Untracked |  0
|  36|0x0000000086400000, 0x0000000086400000, 0x0000000086500000|  0%| F|  |TAMS 0x0000000086400000| PB 0x0000000086400000| Untracked |  0
|  37|0x0000000086500000, 0x0000000086600000, 0x0000000086600000|100%| O|  |TAMS 0x0000000086600000| PB 0x0000000086500000| Untracked |  0
|  38|0x0000000086600000, 0x0000000086700000, 0x0000000086700000|100%| O|  |TAMS 0x0000000086700000| PB 0x0000000086600000| Untracked |  0
|  39|0x0000000086700000, 0x0000000086800000, 0x0000000086800000|100%| O|  |TAMS 0x0000000086719988| PB 0x0000000086700000| Untracked |  0
|  40|0x0000000086800000, 0x0000000086800000, 0x0000000086900000|  0%| F|  |TAMS 0x0000000086800000| PB 0x0000000086800000| Untracked |  0
|  41|0x0000000086900000, 0x0000000086900000, 0x0000000086a00000|  0%| F|  |TAMS 0x0000000086900000| PB 0x0000000086900000| Untracked |  0
|  42|0x0000000086a00000, 0x0000000086a00000, 0x0000000086b00000|  0%| F|  |TAMS 0x0000000086a00000| PB 0x0000000086a00000| Untracked |  0
|  43|0x0000000086b00000, 0x0000000086b00000, 0x0000000086c00000|  0%| F|  |TAMS 0x0000000086b00000| PB 0x0000000086b00000| Untracked |  0
|  44|0x0000000086c00000, 0x0000000086c00000, 0x0000000086d00000|  0%| F|  |TAMS 0x0000000086c00000| PB 0x0000000086c00000| Untracked |  0
|  45|0x0000000086d00000, 0x0000000086d00000, 0x0000000086e00000|  0%| F|  |TAMS 0x0000000086d00000| PB 0x0000000086d00000| Untracked |  0
|  46|0x0000000086e00000, 0x0000000086e00000, 0x0000000086f00000|  0%| F|  |TAMS 0x0000000086e00000| PB 0x0000000086e00000| Untracked |  0
|  47|0x0000000086f00000, 0x0000000086f00000, 0x0000000087000000|  0%| F|  |TAMS 0x0000000086f00000| PB 0x0000000086f00000| Untracked |  0
|  48|0x0000000087000000, 0x0000000087000000, 0x0000000087100000|  0%| F|  |TAMS 0x0000000087000000| PB 0x0000000087000000| Untracked |  0
|  49|0x0000000087100000, 0x0000000087100000, 0x0000000087200000|  0%| F|  |TAMS 0x0000000087100000| PB 0x0000000087100000| Untracked |  0
|  50|0x0000000087200000, 0x0000000087200000, 0x0000000087300000|  0%| F|  |TAMS 0x0000000087200000| PB 0x0000000087200000| Untracked |  0
|  51|0x0000000087300000, 0x0000000087300000, 0x0000000087400000|  0%| F|  |TAMS 0x0000000087300000| PB 0x0000000087300000| Untracked |  0
|  52|0x0000000087400000, 0x0000000087400000, 0x0000000087500000|  0%| F|  |TAMS 0x0000000087400000| PB 0x0000000087400000| Untracked |  0
|  53|0x0000000087500000, 0x0000000087500000, 0x0000000087600000|  0%| F|  |TAMS 0x0000000087500000| PB 0x0000000087500000| Untracked |  0
|  54|0x0000000087600000, 0x0000000087600000, 0x0000000087700000|  0%| F|  |TAMS 0x0000000087600000| PB 0x0000000087600000| Untracked |  0
|  55|0x0000000087700000, 0x0000000087700000, 0x0000000087800000|  0%| F|  |TAMS 0x0000000087700000| PB 0x0000000087700000| Untracked |  0
|  56|0x0000000087800000, 0x0000000087800000, 0x0000000087900000|  0%| F|  |TAMS 0x0000000087800000| PB 0x0000000087800000| Untracked |  0
|  57|0x0000000087900000, 0x0000000087900000, 0x0000000087a00000|  0%| F|  |TAMS 0x0000000087900000| PB 0x0000000087900000| Untracked |  0
|  58|0x0000000087a00000, 0x0000000087a00000, 0x0000000087b00000|  0%| F|  |TAMS 0x0000000087a00000| PB 0x0000000087a00000| Untracked |  0
|  59|0x0000000087b00000, 0x0000000087b00000, 0x0000000087c00000|  0%| F|  |TAMS 0x0000000087b00000| PB 0x0000000087b00000| Untracked |  0
|  60|0x0000000087c00000, 0x0000000087c00000, 0x0000000087d00000|  0%| F|  |TAMS 0x0000000087c00000| PB 0x0000000087c00000| Untracked |  0
|  61|0x0000000087d00000, 0x0000000087d00000, 0x0000000087e00000|  0%| F|  |TAMS 0x0000000087d00000| PB 0x0000000087d00000| Untracked |  0
|  62|0x0000000087e00000, 0x0000000087e00000, 0x0000000087f00000|  0%| F|  |TAMS 0x0000000087e00000| PB 0x0000000087e00000| Untracked |  0
|  63|0x0000000087f00000, 0x0000000087f00000, 0x0000000088000000|  0%| F|  |TAMS 0x0000000087f00000| PB 0x0000000087f00000| Untracked |  0
|  64|0x0000000088000000, 0x0000000088000000, 0x0000000088100000|  0%| F|  |TAMS 0x0000000088000000| PB 0x0000000088000000| Untracked |  0
|  65|0x0000000088100000, 0x0000000088100000, 0x0000000088200000|  0%| F|  |TAMS 0x0000000088100000| PB 0x0000000088100000| Untracked |  0
|  66|0x0000000088200000, 0x0000000088200000, 0x0000000088300000|  0%| F|  |TAMS 0x0000000088200000| PB 0x0000000088200000| Untracked |  0
|  67|0x0000000088300000, 0x0000000088300000, 0x0000000088400000|  0%| F|  |TAMS 0x0000000088300000| PB 0x0000000088300000| Untracked |  0
|  68|0x0000000088400000, 0x0000000088400000, 0x0000000088500000|  0%| F|  |TAMS 0x0000000088400000| PB 0x0000000088400000| Untracked |  0
|  69|0x0000000088500000, 0x0000000088500000, 0x0000000088600000|  0%| F|  |TAMS 0x0000000088500000| PB 0x0000000088500000| Untracked |  0
|  70|0x0000000088600000, 0x0000000088600000, 0x0000000088700000|  0%| F|  |TAMS 0x0000000088600000| PB 0x0000000088600000| Untracked |  0
|  71|0x0000000088700000, 0x0000000088700000, 0x0000000088800000|  0%| F|  |TAMS 0x0000000088700000| PB 0x0000000088700000| Untracked |  0
|  72|0x0000000088800000, 0x0000000088800000, 0x0000000088900000|  0%| F|  |TAMS 0x0000000088800000| PB 0x0000000088800000| Untracked |  0
|  73|0x0000000088900000, 0x0000000088900000, 0x0000000088a00000|  0%| F|  |TAMS 0x0000000088900000| PB 0x0000000088900000| Untracked |  0
|  74|0x0000000088a00000, 0x0000000088a00000, 0x0000000088b00000|  0%| F|  |TAMS 0x0000000088a00000| PB 0x0000000088a00000| Untracked |  0
|  75|0x0000000088b00000, 0x0000000088b00000, 0x0000000088c00000|  0%| F|  |TAMS 0x0000000088b00000| PB 0x0000000088b00000| Untracked |  0
|  76|0x0000000088c00000, 0x0000000088c00000, 0x0000000088d00000|  0%| F|  |TAMS 0x0000000088c00000| PB 0x0000000088c00000| Untracked |  0
|  77|0x0000000088d00000, 0x0000000088d00000, 0x0000000088e00000|  0%| F|  |TAMS 0x0000000088d00000| PB 0x0000000088d00000| Untracked |  0
|  78|0x0000000088e00000, 0x0000000088e00000, 0x0000000088f00000|  0%| F|  |TAMS 0x0000000088e00000| PB 0x0000000088e00000| Untracked |  0
|  79|0x0000000088f00000, 0x0000000088f00000, 0x0000000089000000|  0%| F|  |TAMS 0x0000000088f00000| PB 0x0000000088f00000| Untracked |  0
|  80|0x0000000089000000, 0x0000000089000000, 0x0000000089100000|  0%| F|  |TAMS 0x0000000089000000| PB 0x0000000089000000| Untracked |  0
|  81|0x0000000089100000, 0x0000000089100000, 0x0000000089200000|  0%| F|  |TAMS 0x0000000089100000| PB 0x0000000089100000| Untracked |  0
|  82|0x0000000089200000, 0x0000000089200000, 0x0000000089300000|  0%| F|  |TAMS 0x0000000089200000| PB 0x0000000089200000| Untracked |  0
|  83|0x0000000089300000, 0x0000000089300000, 0x0000000089400000|  0%| F|  |TAMS 0x0000000089300000| PB 0x0000000089300000| Untracked |  0
|  84|0x0000000089400000, 0x0000000089400000, 0x0000000089500000|  0%| F|  |TAMS 0x0000000089400000| PB 0x0000000089400000| Untracked |  0
|  85|0x0000000089500000, 0x0000000089500000, 0x0000000089600000|  0%| F|  |TAMS 0x0000000089500000| PB 0x0000000089500000| Untracked |  0
|  86|0x0000000089600000, 0x0000000089600000, 0x0000000089700000|  0%| F|  |TAMS 0x0000000089600000| PB 0x0000000089600000| Untracked |  0
|  87|0x0000000089700000, 0x0000000089700000, 0x0000000089800000|  0%| F|  |TAMS 0x0000000089700000| PB 0x0000000089700000| Untracked |  0
|  88|0x0000000089800000, 0x0000000089800000, 0x0000000089900000|  0%| F|  |TAMS 0x0000000089800000| PB 0x0000000089800000| Untracked |  0
|  89|0x0000000089900000, 0x0000000089900000, 0x0000000089a00000|  0%| F|  |TAMS 0x0000000089900000| PB 0x0000000089900000| Untracked |  0
|  90|0x0000000089a00000, 0x0000000089a00000, 0x0000000089b00000|  0%| F|  |TAMS 0x0000000089a00000| PB 0x0000000089a00000| Untracked |  0
|  91|0x0000000089b00000, 0x0000000089b80000, 0x0000000089c00000| 50%| S|CS|TAMS 0x0000000089b00000| PB 0x0000000089b00000| Complete |  0
|  92|0x0000000089c00000, 0x0000000089d00000, 0x0000000089d00000|100%| S|CS|TAMS 0x0000000089c00000| PB 0x0000000089c00000| Complete |  0
|  93|0x0000000089d00000, 0x0000000089e00000, 0x0000000089e00000|100%| S|CS|TAMS 0x0000000089d00000| PB 0x0000000089d00000| Complete |  0
|  94|0x0000000089e00000, 0x0000000089f00000, 0x0000000089f00000|100%| S|CS|TAMS 0x0000000089e00000| PB 0x0000000089e00000| Complete |  0
|  95|0x0000000089f00000, 0x000000008a000000, 0x000000008a000000|100%| S|CS|TAMS 0x0000000089f00000| PB 0x0000000089f00000| Complete |  0
|  96|0x000000008a000000, 0x000000008a100000, 0x000000008a100000|100%| S|CS|TAMS 0x000000008a000000| PB 0x000000008a000000| Complete |  0
|  97|0x000000008a100000, 0x000000008a200000, 0x000000008a200000|100%| S|CS|TAMS 0x000000008a100000| PB 0x000000008a100000| Complete |  0
|  98|0x000000008a200000, 0x000000008a300000, 0x000000008a300000|100%| S|CS|TAMS 0x000000008a200000| PB 0x000000008a200000| Complete |  0
|  99|0x000000008a300000, 0x000000008a300000, 0x000000008a400000|  0%| F|  |TAMS 0x000000008a300000| PB 0x000000008a300000| Untracked |  0
| 100|0x000000008a400000, 0x000000008a400000, 0x000000008a500000|  0%| F|  |TAMS 0x000000008a400000| PB 0x000000008a400000| Untracked |  0
| 101|0x000000008a500000, 0x000000008a500000, 0x000000008a600000|  0%| F|  |TAMS 0x000000008a500000| PB 0x000000008a500000| Untracked |  0
| 102|0x000000008a600000, 0x000000008a600000, 0x000000008a700000|  0%| F|  |TAMS 0x000000008a600000| PB 0x000000008a600000| Untracked |  0
| 103|0x000000008a700000, 0x000000008a700000, 0x000000008a800000|  0%| F|  |TAMS 0x000000008a700000| PB 0x000000008a700000| Untracked |  0
| 104|0x000000008a800000, 0x000000008a800000, 0x000000008a900000|  0%| F|  |TAMS 0x000000008a800000| PB 0x000000008a800000| Untracked |  0
| 105|0x000000008a900000, 0x000000008a900000, 0x000000008aa00000|  0%| F|  |TAMS 0x000000008a900000| PB 0x000000008a900000| Untracked |  0
| 106|0x000000008aa00000, 0x000000008aa00000, 0x000000008ab00000|  0%| F|  |TAMS 0x000000008aa00000| PB 0x000000008aa00000| Untracked |  0
| 107|0x000000008ab00000, 0x000000008ab00000, 0x000000008ac00000|  0%| F|  |TAMS 0x000000008ab00000| PB 0x000000008ab00000| Untracked |  0
| 108|0x000000008ac00000, 0x000000008ac00000, 0x000000008ad00000|  0%| F|  |TAMS 0x000000008ac00000| PB 0x000000008ac00000| Untracked |  0
| 109|0x000000008ad00000, 0x000000008ad00000, 0x000000008ae00000|  0%| F|  |TAMS 0x000000008ad00000| PB 0x000000008ad00000| Untracked |  0
| 110|0x000000008ae00000, 0x000000008ae00000, 0x000000008af00000|  0%| F|  |TAMS 0x000000008ae00000| PB 0x000000008ae00000| Untracked |  0
| 111|0x000000008af00000, 0x000000008af00000, 0x000000008b000000|  0%| F|  |TAMS 0x000000008af00000| PB 0x000000008af00000| Untracked |  0
| 112|0x000000008b000000, 0x000000008b000000, 0x000000008b100000|  0%| F|  |TAMS 0x000000008b000000| PB 0x000000008b000000| Untracked |  0
| 113|0x000000008b100000, 0x000000008b100000, 0x000000008b200000|  0%| F|  |TAMS 0x000000008b100000| PB 0x000000008b100000| Untracked |  0
| 114|0x000000008b200000, 0x000000008b200000, 0x000000008b300000|  0%| F|  |TAMS 0x000000008b200000| PB 0x000000008b200000| Untracked |  0
| 115|0x000000008b300000, 0x000000008b300000, 0x000000008b400000|  0%| F|  |TAMS 0x000000008b300000| PB 0x000000008b300000| Untracked |  0
| 116|0x000000008b400000, 0x000000008b400000, 0x000000008b500000|  0%| F|  |TAMS 0x000000008b400000| PB 0x000000008b400000| Untracked |  0
| 117|0x000000008b500000, 0x000000008b500000, 0x000000008b600000|  0%| F|  |TAMS 0x000000008b500000| PB 0x000000008b500000| Untracked |  0
| 118|0x000000008b600000, 0x000000008b600000, 0x000000008b700000|  0%| F|  |TAMS 0x000000008b600000| PB 0x000000008b600000| Untracked |  0
| 119|0x000000008b700000, 0x000000008b700000, 0x000000008b800000|  0%| F|  |TAMS 0x000000008b700000| PB 0x000000008b700000| Untracked |  0
| 120|0x000000008b800000, 0x000000008b800000, 0x000000008b900000|  0%| F|  |TAMS 0x000000008b800000| PB 0x000000008b800000| Untracked |  0
| 121|0x000000008b900000, 0x000000008b900000, 0x000000008ba00000|  0%| F|  |TAMS 0x000000008b900000| PB 0x000000008b900000| Untracked |  0
| 122|0x000000008ba00000, 0x000000008ba00000, 0x000000008bb00000|  0%| F|  |TAMS 0x000000008ba00000| PB 0x000000008ba00000| Untracked |  0
| 123|0x000000008bb00000, 0x000000008bb00000, 0x000000008bc00000|  0%| F|  |TAMS 0x000000008bb00000| PB 0x000000008bb00000| Untracked |  0

Card table byte_map: [0x000001c7b94d0000,0x000001c7b98b0000] _byte_map_base: 0x000001c7b90b0000

Marking Bits: (CMBitMap*) 0x000001c7a1a04550
 Bits: [0x000001c7b98b0000, 0x000001c7bb7b0000)

Polling page: 0x000001c7a1170000

Metaspace:

Usage:
  Non-class:     18.20 MB used.
      Class:      2.51 MB used.
       Both:     20.72 MB used.

Virtual space:
  Non-class space:       64.00 MB reserved,      18.38 MB ( 29%) committed,  1 nodes.
      Class space:        1.00 GB reserved,       2.62 MB ( <1%) committed,  1 nodes.
             Both:        1.06 GB reserved,      21.00 MB (  2%) committed. 

Chunk freelists:
   Non-Class:  13.16 MB
       Class:  13.19 MB
        Both:  26.34 MB

MaxMetaspaceSize: unlimited
CompressedClassSpaceSize: 1.00 GB
Initial GC threshold: 21.00 MB
Current GC threshold: 21.00 MB
CDS: on
 - commit_granule_bytes: 65536.
 - commit_granule_words: 8192.
 - virtual_space_node_default_size: 8388608.
 - enlarge_chunks_in_place: 1.
 - use_allocation_guard: 0.


Internal statistics:

num_allocs_failed_limit: 3.
num_arena_births: 218.
num_arena_deaths: 0.
num_vsnodes_births: 2.
num_vsnodes_deaths: 0.
num_space_committed: 336.
num_space_uncommitted: 0.
num_chunks_returned_to_freelist: 3.
num_chunks_taken_from_freelist: 928.
num_chunk_merges: 3.
num_chunk_splits: 665.
num_chunks_enlarged: 531.
num_inconsistent_stats: 0.

CodeHeap 'non-profiled nmethods': size=120064Kb used=1931Kb max_used=1931Kb free=118132Kb
 bounds [0x000001c7b1bb0000, 0x000001c7b1e20000, 0x000001c7b90f0000]
CodeHeap 'profiled nmethods': size=120000Kb used=7682Kb max_used=7682Kb free=112317Kb
 bounds [0x000001c7aa0f0000, 0x000001c7aa880000, 0x000001c7b1620000]
CodeHeap 'non-nmethods': size=5696Kb used=1570Kb max_used=1601Kb free=4125Kb
 bounds [0x000001c7b1620000, 0x000001c7b1890000, 0x000001c7b1bb0000]
CodeCache: size=245760Kb, used=11183Kb, max_used=11214Kb, free=234574Kb
 total_blobs=5608, nmethods=5066, adapters=446, full_count=0
Compilation: enabled, stopped_count=0, restarted_count=0

Compilation events (20 events):
Event: 3.532 Thread 0x000001c7bdcbe420 nmethod 5058 0x000001c7aa86bf08 code [0x000001c7aa86c040, 0x000001c7aa86c250]
Event: 3.532 Thread 0x000001c7bdcbe420 5060       3       jdk.internal.jimage.BasicImageReader::findLocation (57 bytes)
Event: 3.533 Thread 0x000001c7bdcbe420 nmethod 5060 0x000001c7aa86c288 code [0x000001c7aa86c480, 0x000001c7aa86ced8]
Event: 3.533 Thread 0x000001c7bdcbe420 5059       3       jdk.internal.module.SystemModuleFinders$SystemModuleReader::findImageLocation (42 bytes)
Event: 3.533 Thread 0x000001c7bdcbe420 nmethod 5059 0x000001c7aa86cf88 code [0x000001c7aa86d120, 0x000001c7aa86d7b8]
Event: 3.533 Thread 0x000001c7bdcbe420 5061       3       java.nio.DirectByteBuffer::<init> (60 bytes)
Event: 3.533 Thread 0x000001c7bdcbe420 nmethod 5061 0x000001c7aa86d808 code [0x000001c7aa86d960, 0x000001c7aa86dd78]
Event: 3.534 Thread 0x000001c7bdcbe420 5062       3       java.nio.MappedByteBuffer::<init> (24 bytes)
Event: 3.534 Thread 0x000001c7bdcbe420 nmethod 5062 0x000001c7aa86dd88 code [0x000001c7aa86dea0, 0x000001c7aa86e050]
Event: 3.534 Thread 0x000001c7bdcbe420 5064   !   3       jdk.internal.jimage.BasicImageReader::slice (32 bytes)
Event: 3.534 Thread 0x000001c7bdcbe420 nmethod 5064 0x000001c7aa86e088 code [0x000001c7aa86e1e0, 0x000001c7aa86e6c0]
Event: 3.534 Thread 0x000001c7bdcbe420 5063   !   3       jdk.internal.jimage.BasicImageReader::getResourceBuffer (203 bytes)
Event: 3.535 Thread 0x000001c7bdcbe420 nmethod 5063 0x000001c7aa86e708 code [0x000001c7aa86eaa0, 0x000001c7aa8702f8]
Event: 3.535 Thread 0x000001c7bdcbe420 5065       3       jdk.internal.jimage.ImageLocation::getContentOffset (6 bytes)
Event: 3.535 Thread 0x000001c7bdcbe420 nmethod 5065 0x000001c7aa870408 code [0x000001c7aa870520, 0x000001c7aa870668]
Event: 3.540 Thread 0x000001c7840ccc70 nmethod 5056 0x000001c7b1d90c08 code [0x000001c7b1d90d80, 0x000001c7b1d91738]
Event: 3.540 Thread 0x000001c7840ccc70 5057       4       jdk.internal.loader.BuiltinClassLoader::findLoadedModule (33 bytes)
Event: 3.556 Thread 0x000001c7840ccc70 nmethod 5057 0x000001c7b1d91f08 code [0x000001c7b1d920c0, 0x000001c7b1d92d60]
Event: 3.561 Thread 0x000001c7bdcbe420 5067       3       java.nio.DirectByteBufferR::<init> (25 bytes)
Event: 3.561 Thread 0x000001c7bdcbe420 nmethod 5067 0x000001c7aa870708 code [0x000001c7aa870820, 0x000001c7aa8709a0]

GC Heap History (11 events):
Event: 0.414 GC heap before
{Heap before GC invocations=0 (full 0):
 garbage-first heap   total reserved 2031616K, committed 126976K, used 14336K [0x0000000084000000, 0x0000000100000000)
  region size 1024K, 14 young (14336K), 0 survivors (0K)
 Metaspace       used 3913K, committed 4096K, reserved 1114112K
  class space    used 425K, committed 512K, reserved 1048576K
}
Event: 0.419 GC heap after
{Heap after GC invocations=1 (full 0):
 garbage-first heap   total reserved 2031616K, committed 126976K, used 3248K [0x0000000084000000, 0x0000000100000000)
  region size 1024K, 2 young (2048K), 2 survivors (2048K)
 Metaspace       used 3913K, committed 4096K, reserved 1114112K
  class space    used 425K, committed 512K, reserved 1048576K
}
Event: 0.621 GC heap before
{Heap before GC invocations=1 (full 0):
 garbage-first heap   total reserved 2031616K, committed 126976K, used 16560K [0x0000000084000000, 0x0000000100000000)
  region size 1024K, 15 young (15360K), 2 survivors (2048K)
 Metaspace       used 6019K, committed 6208K, reserved 1114112K
  class space    used 750K, committed 832K, reserved 1048576K
}
Event: 0.625 GC heap after
{Heap after GC invocations=2 (full 0):
 garbage-first heap   total reserved 2031616K, committed 126976K, used 4008K [0x0000000084000000, 0x0000000100000000)
  region size 1024K, 1 young (1024K), 1 survivors (1024K)
 Metaspace       used 6019K, committed 6208K, reserved 1114112K
  class space    used 750K, committed 832K, reserved 1048576K
}
Event: 1.267 GC heap before
{Heap before GC invocations=2 (full 0):
 garbage-first heap   total reserved 2031616K, committed 126976K, used 37800K [0x0000000084000000, 0x0000000100000000)
  region size 1024K, 35 young (35840K), 1 survivors (1024K)
 Metaspace       used 11409K, committed 11584K, reserved 1114112K
  class space    used 1425K, committed 1536K, reserved 1048576K
}
Event: 1.272 GC heap after
{Heap after GC invocations=3 (full 0):
 garbage-first heap   total reserved 2031616K, committed 126976K, used 6210K [0x0000000084000000, 0x0000000100000000)
  region size 1024K, 3 young (3072K), 3 survivors (3072K)
 Metaspace       used 11409K, committed 11584K, reserved 1114112K
  class space    used 1425K, committed 1536K, reserved 1048576K
}
Event: 2.133 GC heap before
{Heap before GC invocations=3 (full 0):
 garbage-first heap   total reserved 2031616K, committed 126976K, used 46146K [0x0000000084000000, 0x0000000100000000)
  region size 1024K, 42 young (43008K), 3 survivors (3072K)
 Metaspace       used 15614K, committed 15872K, reserved 1114112K
  class space    used 1919K, committed 2048K, reserved 1048576K
}
Event: 2.152 GC heap after
{Heap after GC invocations=4 (full 0):
 garbage-first heap   total reserved 2031616K, committed 126976K, used 10677K [0x0000000084000000, 0x0000000100000000)
  region size 1024K, 6 young (6144K), 6 survivors (6144K)
 Metaspace       used 15614K, committed 15872K, reserved 1114112K
  class space    used 1919K, committed 2048K, reserved 1048576K
}
Event: 3.030 GC heap before
{Heap before GC invocations=4 (full 0):
 garbage-first heap   total reserved 2031616K, committed 126976K, used 87477K [0x0000000084000000, 0x0000000100000000)
  region size 1024K, 49 young (50176K), 6 survivors (6144K)
 Metaspace       used 17135K, committed 17408K, reserved 1114112K
  class space    used 2079K, committed 2176K, reserved 1048576K
}
Event: 3.046 GC heap after
{Heap after GC invocations=5 (full 0):
 garbage-first heap   total reserved 2031616K, committed 126976K, used 13926K [0x0000000084000000, 0x0000000100000000)
  region size 1024K, 7 young (7168K), 7 survivors (7168K)
 Metaspace       used 17135K, committed 17408K, reserved 1114112K
  class space    used 2079K, committed 2176K, reserved 1048576K
}
Event: 3.561 GC heap before
{Heap before GC invocations=5 (full 0):
 garbage-first heap   total reserved 2031616K, committed 126976K, used 42598K [0x0000000084000000, 0x0000000100000000)
  region size 1024K, 32 young (32768K), 7 survivors (7168K)
 Metaspace       used 21212K, committed 21504K, reserved 1114112K
  class space    used 2572K, committed 2688K, reserved 1048576K
}

Dll operation events (8 events):
Event: 0.007 Loaded shared library C:\Program Files\Java\jdk-23\bin\java.dll
Event: 0.031 Loaded shared library C:\Program Files\Java\jdk-23\bin\jsvml.dll
Event: 0.045 Loaded shared library C:\Program Files\Java\jdk-23\bin\net.dll
Event: 0.047 Loaded shared library C:\Program Files\Java\jdk-23\bin\nio.dll
Event: 0.050 Loaded shared library C:\Program Files\Java\jdk-23\bin\zip.dll
Event: 0.160 Loaded shared library C:\Program Files\Java\jdk-23\bin\jimage.dll
Event: 0.161 Loaded shared library C:\Users\pranj\Downloads\Spring Boot\apache-maven-3.9.11\lib\jansi-native\Windows\x86_64\jansi.dll
Event: 0.177 Loaded shared library C:\Program Files\Java\jdk-23\bin\verify.dll

Deoptimization events (20 events):
Event: 3.456 Thread 0x000001c79f7a8f80 Uncommon trap: trap_request=0xffffff45 fr.pc=0x000001c7b1d835f4 relative=0x0000000000000234
Event: 3.456 Thread 0x000001c79f7a8f80 Uncommon trap: reason=unstable_if action=reinterpret pc=0x000001c7b1d835f4 method=jdk.internal.util.ArraysSupport.hashCode([BIII)I @ 1 c2
Event: 3.456 Thread 0x000001c79f7a8f80 DEOPT PACKING pc=0x000001c7b1d835f4 sp=0x00000035658fc3d0
Event: 3.456 Thread 0x000001c79f7a8f80 DEOPT UNPACKING pc=0x000001c7b1677982 sp=0x00000035658fc350 mode 2
Event: 3.467 Thread 0x000001c79f7a8f80 Uncommon trap: trap_request=0xffffff45 fr.pc=0x000001c7b1d7e5c4 relative=0x0000000000000c24
Event: 3.467 Thread 0x000001c79f7a8f80 Uncommon trap: reason=unstable_if action=reinterpret pc=0x000001c7b1d7e5c4 method=java.lang.String.<init>(Ljava/nio/charset/Charset;[BII)V @ 34 c2
Event: 3.467 Thread 0x000001c79f7a8f80 DEOPT PACKING pc=0x000001c7b1d7e5c4 sp=0x00000035658fc6a0
Event: 3.467 Thread 0x000001c79f7a8f80 DEOPT UNPACKING pc=0x000001c7b1677982 sp=0x00000035658fc648 mode 2
Event: 3.475 Thread 0x000001c79f7a8f80 Uncommon trap: trap_request=0xffffffde fr.pc=0x000001c7b1d3e270 relative=0x0000000000000070
Event: 3.475 Thread 0x000001c79f7a8f80 Uncommon trap: reason=class_check action=maybe_recompile pc=0x000001c7b1d3e270 method=java.util.stream.StreamOpFlag.fromCharacteristics(Ljava/util/Spliterator;)I @ 14 c2
Event: 3.475 Thread 0x000001c79f7a8f80 DEOPT PACKING pc=0x000001c7b1d3e270 sp=0x00000035658fd1d0
Event: 3.475 Thread 0x000001c79f7a8f80 DEOPT UNPACKING pc=0x000001c7b1677982 sp=0x00000035658fd160 mode 2
Event: 3.478 Thread 0x000001c79f7a8f80 Uncommon trap: trap_request=0xffffff45 fr.pc=0x000001c7b1d83890 relative=0x00000000000000f0
Event: 3.478 Thread 0x000001c79f7a8f80 Uncommon trap: reason=unstable_if action=reinterpret pc=0x000001c7b1d83890 method=jdk.nio.zipfs.ZipConstants.pkSigAt([BIII)Z @ 5 c2
Event: 3.478 Thread 0x000001c79f7a8f80 DEOPT PACKING pc=0x000001c7b1d83890 sp=0x00000035658fd1f0
Event: 3.478 Thread 0x000001c79f7a8f80 DEOPT UNPACKING pc=0x000001c7b1677982 sp=0x00000035658fd198 mode 2
Event: 3.496 Thread 0x000001c79f7a8f80 Uncommon trap: trap_request=0xffffff76 fr.pc=0x000001c7b1d86de8 relative=0x00000000000001c8
Event: 3.496 Thread 0x000001c79f7a8f80 Uncommon trap: reason=predicate action=maybe_recompile pc=0x000001c7b1d86de8 method=java.util.LinkedHashMap.valuesToArray([Ljava/lang/Object;Z)[Ljava/lang/Object; @ 53 c2
Event: 3.496 Thread 0x000001c79f7a8f80 DEOPT PACKING pc=0x000001c7b1d86de8 sp=0x00000035658fd270
Event: 3.496 Thread 0x000001c79f7a8f80 DEOPT UNPACKING pc=0x000001c7b1677982 sp=0x00000035658fd220 mode 2

Classes loaded (20 events):
Event: 3.428 Loading class sun/nio/fs/WindowsSecurity
Event: 3.428 Loading class sun/nio/fs/WindowsSecurity done
Event: 3.431 Loading class java/nio/file/attribute/PosixFileAttributeView
Event: 3.431 Loading class java/nio/file/attribute/PosixFileAttributeView done
Event: 3.466 Loading class java/nio/file/Files$AcceptAllFilter
Event: 3.466 Loading class java/nio/file/Files$AcceptAllFilter done
Event: 3.466 Loading class java/nio/file/ClosedDirectoryStreamException
Event: 3.467 Loading class java/nio/file/ClosedDirectoryStreamException done
Event: 3.467 Loading class java/nio/file/DirectoryIteratorException
Event: 3.467 Loading class java/nio/file/DirectoryIteratorException done
Event: 3.474 Loading class java/util/TreeMap$KeySpliterator
Event: 3.474 Loading class java/util/TreeMap$TreeMapSpliterator
Event: 3.474 Loading class java/util/TreeMap$TreeMapSpliterator done
Event: 3.474 Loading class java/util/TreeMap$KeySpliterator done
Event: 3.509 Loading class java/util/regex/PatternSyntaxException
Event: 3.509 Loading class java/util/regex/PatternSyntaxException done
Event: 3.510 Loading class java/time/Year
Event: 3.510 Loading class java/time/Year done
Event: 3.520 Loading class sun/nio/fs/WindowsException
Event: 3.520 Loading class sun/nio/fs/WindowsException done

Classes unloaded (0 events):
No events

Classes redefined (0 events):
No events

Internal exceptions (20 events):
Event: 1.591 Thread 0x000001c79f7a8f80 Implicit null exception at 0x000001c7b1bdf410 to 0x000001c7b1bdfac0
Event: 1.640 Thread 0x000001c79f7a8f80 Exception <a 'java/lang/NoSuchMethodError'{0x000000008adac508}: 'void java.lang.invoke.DirectMethodHandle$Holder.invokeSpecial(java.lang.Object, java.lang.Object, java.lang.Object, java.lang.Object, java.lang.Object)'> (0x000000008adac508) 
thrown [s\open\src\hotspot\share\interpreter\linkResolver.cpp, line 796]
Event: 1.642 Thread 0x000001c79f7a8f80 Exception <a 'java/lang/NoSuchMethodError'{0x000000008adc2cb0}: 'void java.lang.invoke.DirectMethodHandle$Holder.invokeSpecial(java.lang.Object, java.lang.Object, java.lang.Object, java.lang.Object, java.lang.Object, java.lang.Object)'> (0x000000008adc2cb0) 
thrown [s\open\src\hotspot\share\interpreter\linkResolver.cpp, line 796]
Event: 1.661 Thread 0x000001c79f7a8f80 Exception <a 'java/lang/NoSuchMethodError'{0x000000008acd1370}: 'java.lang.Object java.lang.invoke.DirectMethodHandle$Holder.invokeVirtual(java.lang.Object, java.lang.Object, java.lang.Object)'> (0x000000008acd1370) 
thrown [s\open\src\hotspot\share\interpreter\linkResolver.cpp, line 796]
Event: 1.721 Thread 0x000001c79f7a8f80 Exception <a 'java/lang/NoSuchMethodError'{0x000000008aabe1f0}: 'void java.lang.invoke.DirectMethodHandle$Holder.invokeVirtual(java.lang.Object, java.lang.Object, int)'> (0x000000008aabe1f0) 
thrown [s\open\src\hotspot\share\interpreter\linkResolver.cpp, line 796]
Event: 1.721 Thread 0x000001c79f7a8f80 Exception <a 'java/lang/NoSuchMethodError'{0x000000008aac2008}: 'void java.lang.invoke.DirectMethodHandle$Holder.invokeSpecial(java.lang.Object, java.lang.Object, java.lang.Object, int)'> (0x000000008aac2008) 
thrown [s\open\src\hotspot\share\interpreter\linkResolver.cpp, line 796]
Event: 1.722 Thread 0x000001c79f7a8f80 Exception <a 'java/lang/NoSuchMethodError'{0x000000008aac56f0}: 'void java.lang.invoke.DelegatingMethodHandle$Holder.reinvoke_L(java.lang.Object, java.lang.Object, int)'> (0x000000008aac56f0) 
thrown [s\open\src\hotspot\share\interpreter\linkResolver.cpp, line 796]
Event: 2.161 Thread 0x000001c79f7a8f80 Implicit null exception at 0x000001c7b1cc3ff9 to 0x000001c7b1cc5988
Event: 2.161 Thread 0x000001c79f7a8f80 Implicit null exception at 0x000001c7b1c56068 to 0x000001c7b1c56244
Event: 2.161 Thread 0x000001c79f7a8f80 Implicit null exception at 0x000001c7b1c9a379 to 0x000001c7b1c9ac0c
Event: 2.572 Thread 0x000001c79f7a8f80 Implicit null exception at 0x000001c7b1c2e29d to 0x000001c7b1c2e31d
Event: 2.645 Thread 0x000001c79f7a8f80 Implicit null exception at 0x000001c7b1cef21d to 0x000001c7b1cef28e
Event: 2.645 Thread 0x000001c79f7a8f80 Exception <a 'java/lang/NoSuchMethodError'{0x000000008a2fdc60}: 'java.lang.Object java.lang.invoke.DirectMethodHandle$Holder.newInvokeSpecial(java.lang.Object, java.lang.Object, java.lang.Object, java.lang.Object, java.lang.Object, java.lang.Object, java.lang.Object)'> (0x000000008a2fdc60) 
thrown [s\open\src\hotspot\share\interpreter\linkResolver.cpp, line 796]
Event: 2.845 Thread 0x000001c79f7a8f80 Exception <a 'java/lang/NoSuchMethodError'{0x00000000898c1f58}: 'int java.lang.invoke.DirectMethodHandle$Holder.invokeVirtual(java.lang.Object, java.lang.Object)'> (0x00000000898c1f58) 
thrown [s\open\src\hotspot\share\interpreter\linkResolver.cpp, line 796]
Event: 2.872 Thread 0x000001c79f7a8f80 Exception <a 'java/lang/NoSuchMethodError'{0x00000000897ea428}: 'void java.lang.invoke.Invokers$Holder.invokeExact_MT(java.lang.Object, java.lang.Object, int, java.lang.Object)'> (0x00000000897ea428) 
thrown [s\open\src\hotspot\share\interpreter\linkResolver.cpp, line 796]
Event: 3.339 Thread 0x000001c79f7a8f80 Exception <a 'java/lang/NoSuchMethodError'{0x000000008b1b9948}: 'int java.lang.invoke.DirectMethodHandle$Holder.invokeInterface(java.lang.Object, java.lang.Object)'> (0x000000008b1b9948) 
thrown [s\open\src\hotspot\share\interpreter\linkResolver.cpp, line 796]
Event: 3.417 Thread 0x000001c79f7a8f80 Exception <a 'java/lang/NoSuchMethodError'{0x000000008adaa548}: 'int java.lang.invoke.DirectMethodHandle$Holder.invokeVirtual(java.lang.Object, java.lang.Object, java.lang.Object)'> (0x000000008adaa548) 
thrown [s\open\src\hotspot\share\interpreter\linkResolver.cpp, line 796]
Event: 3.418 Thread 0x000001c79f7a8f80 Exception <a 'java/lang/NoSuchMethodError'{0x000000008adb0128}: 'void java.lang.invoke.DirectMethodHandle$Holder.invokeInterface(java.lang.Object, java.lang.Object, java.lang.Object)'> (0x000000008adb0128) 
thrown [s\open\src\hotspot\share\interpreter\linkResolver.cpp, line 796]
Event: 3.419 Thread 0x000001c79f7a8f80 Exception <a 'java/lang/NoSuchMethodError'{0x000000008adbaa40}: 'int java.lang.invoke.DirectMethodHandle$Holder.invokeStaticInit(java.lang.Object, java.lang.Object, java.lang.Object)'> (0x000000008adbaa40) 
thrown [s\open\src\hotspot\share\interpreter\linkResolver.cpp, line 796]
Event: 3.520 Thread 0x000001c79f7a8f80 Exception <a 'sun/nio/fs/WindowsException'{0x000000008a30ea30}> (0x000000008a30ea30) 
thrown [s\open\src\hotspot\share\prims\jni.cpp, line 520]

VM Operations (20 events):
Event: 1.531 Executing VM operation: HandshakeAllThreads (Deoptimize) done
Event: 1.546 Executing VM operation: HandshakeAllThreads (Deoptimize)
Event: 1.546 Executing VM operation: HandshakeAllThreads (Deoptimize) done
Event: 1.569 Executing VM operation: HandshakeAllThreads (Deoptimize)
Event: 1.569 Executing VM operation: HandshakeAllThreads (Deoptimize) done
Event: 2.133 Executing VM operation: G1CollectForAllocation (G1 Evacuation Pause)
Event: 2.152 Executing VM operation: G1CollectForAllocation (G1 Evacuation Pause) done
Event: 3.030 Executing VM operation: G1CollectForAllocation (G1 Evacuation Pause)
Event: 3.046 Executing VM operation: G1CollectForAllocation (G1 Evacuation Pause) done
Event: 3.304 Executing VM operation: HandshakeAllThreads (Deoptimize)
Event: 3.305 Executing VM operation: HandshakeAllThreads (Deoptimize) done
Event: 3.337 Executing VM operation: HandshakeAllThreads (Deoptimize)
Event: 3.337 Executing VM operation: HandshakeAllThreads (Deoptimize) done
Event: 3.421 Executing VM operation: HandshakeAllThreads (Deoptimize)
Event: 3.421 Executing VM operation: HandshakeAllThreads (Deoptimize) done
Event: 3.429 Executing VM operation: HandshakeAllThreads (Deoptimize)
Event: 3.429 Executing VM operation: HandshakeAllThreads (Deoptimize) done
Event: 3.430 Executing VM operation: HandshakeAllThreads (Deoptimize)
Event: 3.431 Executing VM operation: HandshakeAllThreads (Deoptimize) done
Event: 3.561 Executing VM operation: CollectForMetadataAllocation (Metadata GC Threshold)

Memory protections (0 events):
No events

Nmethod flushes (0 events):
No events

Events (15 events):
Event: 0.018 Thread 0x000001c79f7a8f80 Thread added: 0x000001c79f7a8f80
Event: 0.028 Thread 0x000001c79f7a8f80 Thread added: 0x000001c7bdc949a0
Event: 0.028 Thread 0x000001c79f7a8f80 Thread added: 0x000001c7bdc954f0
Event: 0.029 Thread 0x000001c79f7a8f80 Thread added: 0x000001c7bdc998d0
Event: 0.029 Thread 0x000001c79f7a8f80 Thread added: 0x000001c7bdc9a420
Event: 0.029 Thread 0x000001c79f7a8f80 Thread added: 0x000001c7bdc9af70
Event: 0.029 Thread 0x000001c79f7a8f80 Thread added: 0x000001c7bdc9e3a0
Event: 0.029 Thread 0x000001c79f7a8f80 Thread added: 0x000001c7bdca1ef0
Event: 0.029 Thread 0x000001c79f7a8f80 Thread added: 0x000001c7bdcbe420
Event: 0.042 Thread 0x000001c79f7a8f80 Thread added: 0x000001c7ff120560
Event: 0.044 Thread 0x000001c79f7a8f80 Thread added: 0x000001c7ff129810
Event: 0.158 Thread 0x000001c79f7a8f80 Thread added: 0x000001c7ff4601c0
Event: 0.169 Thread 0x000001c7ff4601c0 Thread exited: 0x000001c7ff4601c0
Event: 0.553 Thread 0x000001c7bdcbe420 Thread added: 0x000001c7840ccc70
Event: 1.545 Thread 0x000001c79f7a8f80 Thread added: 0x000001c7845cacf0


Dynamic libraries:
0x00007ff774ae0000 - 0x00007ff774af0000 	C:\Program Files\Java\jdk-23\bin\java.exe
0x00007fff0e6e0000 - 0x00007fff0e947000 	C:\WINDOWS\SYSTEM32\ntdll.dll
0x00007fff0c880000 - 0x00007fff0c949000 	C:\WINDOWS\System32\KERNEL32.DLL
0x00007fff0bb60000 - 0x00007fff0bf50000 	C:\WINDOWS\System32\KERNELBASE.dll
0x00007fff0b810000 - 0x00007fff0b95b000 	C:\WINDOWS\System32\ucrtbase.dll
0x00007ffeb62f0000 - 0x00007ffeb6307000 	C:\Program Files\Java\jdk-23\bin\jli.dll
0x00007ffed35f0000 - 0x00007ffed360b000 	C:\Program Files\Java\jdk-23\bin\VCRUNTIME140.dll
0x00007fff0c650000 - 0x00007fff0c815000 	C:\WINDOWS\System32\USER32.dll
0x00007fff0a8f0000 - 0x00007fff0ab8a000 	C:\WINDOWS\WinSxS\amd64_microsoft.windows.common-controls_6595b64144ccf1df_6.0.26100.4768_none_3e0c112ce331287c\COMCTL32.dll
0x00007fff0bf60000 - 0x00007fff0bf87000 	C:\WINDOWS\System32\win32u.dll
0x00007fff0cee0000 - 0x00007fff0cf89000 	C:\WINDOWS\System32\msvcrt.dll
0x00007fff0cb30000 - 0x00007fff0cb5b000 	C:\WINDOWS\System32\GDI32.dll
0x00007fff0c110000 - 0x00007fff0c248000 	C:\WINDOWS\System32\gdi32full.dll
0x00007fff0b9f0000 - 0x00007fff0ba93000 	C:\WINDOWS\System32\msvcp_win.dll
0x00007fff0e340000 - 0x00007fff0e36f000 	C:\WINDOWS\System32\IMM32.DLL
0x00007ffef9700000 - 0x00007ffef970c000 	C:\Program Files\Java\jdk-23\bin\vcruntime140_1.dll
0x00007ffe9e8d0000 - 0x00007ffe9e95e000 	C:\Program Files\Java\jdk-23\bin\msvcp140.dll
0x00007ffe89e00000 - 0x00007ffe8ab50000 	C:\Program Files\Java\jdk-23\bin\server\jvm.dll
0x00007fff0c950000 - 0x00007fff0ca04000 	C:\WINDOWS\System32\ADVAPI32.dll
0x00007fff0cce0000 - 0x00007fff0cd86000 	C:\WINDOWS\System32\sechost.dll
0x00007fff0e380000 - 0x00007fff0e498000 	C:\WINDOWS\System32\RPCRT4.dll
0x00007fff0ca10000 - 0x00007fff0ca84000 	C:\WINDOWS\System32\WS2_32.dll
0x00007ffef8fc0000 - 0x00007ffef8fcb000 	C:\WINDOWS\SYSTEM32\VERSION.dll
0x00007fff0b690000 - 0x00007fff0b6ee000 	C:\WINDOWS\SYSTEM32\POWRPROF.dll
0x00007fff01b90000 - 0x00007fff01bc5000 	C:\WINDOWS\SYSTEM32\WINMM.dll
0x00007fff0b670000 - 0x00007fff0b684000 	C:\WINDOWS\SYSTEM32\UMPDC.dll
0x00007fff09c30000 - 0x00007fff09c4b000 	C:\WINDOWS\SYSTEM32\kernel.appcore.dll
0x00007ffef6700000 - 0x00007ffef670a000 	C:\Program Files\Java\jdk-23\bin\jimage.dll
0x00007fff0b110000 - 0x00007fff0b351000 	C:\WINDOWS\SYSTEM32\DBGHELP.DLL
0x00007fff0dfb0000 - 0x00007fff0e335000 	C:\WINDOWS\System32\combase.dll
0x00007fff0cdf0000 - 0x00007fff0ced0000 	C:\WINDOWS\System32\OLEAUT32.dll
0x00007fff0aeb0000 - 0x00007fff0aef3000 	C:\WINDOWS\SYSTEM32\dbgcore.DLL
0x00007fff0c250000 - 0x00007fff0c2e9000 	C:\WINDOWS\System32\bcryptPrimitives.dll
0x00007ffecf0b0000 - 0x00007ffecf0ce000 	C:\Program Files\Java\jdk-23\bin\java.dll
0x00007fff0cf90000 - 0x00007fff0d130000 	C:\WINDOWS\System32\ole32.dll
0x00007fff0d1e0000 - 0x00007fff0d92d000 	C:\WINDOWS\System32\SHELL32.dll
0x00007fff0bf90000 - 0x00007fff0c103000 	C:\WINDOWS\System32\wintypes.dll
0x00007fff08920000 - 0x00007fff09180000 	C:\WINDOWS\SYSTEM32\windows.storage.dll
0x00007fff0e4b0000 - 0x00007fff0e5a5000 	C:\WINDOWS\System32\SHCORE.dll
0x00007fff0c470000 - 0x00007fff0c4da000 	C:\WINDOWS\System32\shlwapi.dll
0x00007fff0b730000 - 0x00007fff0b759000 	C:\WINDOWS\SYSTEM32\profapi.dll
0x00007ffe8d360000 - 0x00007ffe8d437000 	C:\Program Files\Java\jdk-23\bin\jsvml.dll
0x00007ffef2a00000 - 0x00007ffef2a10000 	C:\Program Files\Java\jdk-23\bin\net.dll
0x00007fff0a190000 - 0x00007fff0a1fb000 	C:\WINDOWS\system32\mswsock.dll
0x00007ffeccb90000 - 0x00007ffeccba6000 	C:\Program Files\Java\jdk-23\bin\nio.dll
0x00007ffebf1a0000 - 0x00007ffebf1b7000 	C:\Program Files\Java\jdk-23\bin\zip.dll
0x00007ffead1d0000 - 0x00007ffead1f4000 	C:\Users\pranj\Downloads\Spring Boot\apache-maven-3.9.11\lib\jansi-native\Windows\x86_64\jansi.dll
0x00007ffef07b0000 - 0x00007ffef07c0000 	C:\Program Files\Java\jdk-23\bin\verify.dll

dbghelp: loaded successfully - version: 4.0.5 - missing functions: none
symbol engine: initialized successfully - sym options: 0x614 - pdb path: .;C:\Program Files\Java\jdk-23\bin;C:\WINDOWS\SYSTEM32;C:\WINDOWS\WinSxS\amd64_microsoft.windows.common-controls_6595b64144ccf1df_6.0.26100.4768_none_3e0c112ce331287c;C:\Program Files\Java\jdk-23\bin\server;C:\Users\pranj\Downloads\Spring Boot\apache-maven-3.9.11\lib\jansi-native\Windows\x86_64

VM Arguments:
jvm_args: --enable-native-access=ALL-UNNAMED -Dclassworlds.conf=C:\Users\pranj\Downloads\Spring Boot\apache-maven-3.9.11\bin\m2.conf -Dmaven.home=C:\Users\pranj\Downloads\Spring Boot\apache-maven-3.9.11 -Dlibrary.jansi.path=C:\Users\pranj\Downloads\Spring Boot\apache-maven-3.9.11\lib\jansi-native -Dmaven.multiModuleProjectDirectory=C:\Users\pranj\Downloads\SIH\timetable 
java_command: org.codehaus.plexus.classworlds.launcher.Launcher spring-boot:run
java_class_path (initial): C:\Users\pranj\Downloads\Spring Boot\apache-maven-3.9.11\boot\plexus-classworlds-2.9.0.jar
Launcher Type: SUN_STANDARD

[Global flags]
     intx CICompilerCount                          = 3                                         {product} {ergonomic}
     uint ConcGCThreads                            = 1                                         {product} {ergonomic}
     uint G1ConcRefinementThreads                  = 4                                         {product} {ergonomic}
   size_t G1HeapRegionSize                         = 1048576                                   {product} {ergonomic}
   size_t InitialHeapSize                          = 130023424                                 {product} {ergonomic}
   size_t MarkStackSize                            = 4194304                                   {product} {ergonomic}
   size_t MarkStackSizeMax                         = 536870912                                 {product} {ergonomic}
   size_t MaxHeapSize                              = 2080374784                                {product} {ergonomic}
   size_t MaxNewSize                               = 1247805440                                {product} {ergonomic}
   size_t MinHeapDeltaBytes                        = 1048576                                   {product} {ergonomic}
   size_t MinHeapSize                              = 8388608                                   {product} {ergonomic}
    uintx NonNMethodCodeHeapSize                   = 5832704                                {pd product} {ergonomic}
    uintx NonProfiledCodeHeapSize                  = 122945536                              {pd product} {ergonomic}
    uintx ProfiledCodeHeapSize                     = 122880000                              {pd product} {ergonomic}
    uintx ReservedCodeCacheSize                    = 251658240                              {pd product} {ergonomic}
     bool SegmentedCodeCache                       = true                                      {product} {ergonomic}
   size_t SoftMaxHeapSize                          = 2080374784                             {manageable} {ergonomic}
     bool UseCompressedOops                        = true                           {product lp64_product} {ergonomic}
     bool UseG1GC                                  = true                                      {product} {ergonomic}
     bool UseLargePagesIndividualAllocation        = false                                  {pd product} {ergonomic}

Logging:
Log output configuration:
 #0: stdout all=warning uptime,level,tags foldmultilines=false
 #1: stderr all=off uptime,level,tags foldmultilines=false

Environment Variables:
JAVA_HOME=C:\Program Files\Java\jdk-23
PATH=C:\Users\pranj\Downloads\Spring Boot\apache-maven-3.9.11\bin;C:\WINDOWS\system32;C:\WINDOWS;C:\WINDOWS\System32\Wbem;C:\WINDOWS\System32\WindowsPowerShell\v1.0\;C:\WINDOWS\System32\OpenSSH\;C:\MinGW\bin;C:\Program Files\nodejs\;C:\ProgramData\chocolatey\bin;C:\Program Files\Git\cmd;C:\Users\pranj\Downloads\Spring Boot\apache-maven-3.9.11\bin;C:\Program Files\Java\jdk-23\bin;C:\Users\pranj\AppData\Local\Programs\Python\Python312\Scripts\;C:\Users\pranj\AppData\Local\Programs\Python\Python312\;C:\Users\pranj\AppData\Local\Microsoft\WindowsApps;C:\Program Files\JetBrains\IntelliJ IDEA Community Edition 2024.3.4.1\bin;;C:\Users\pranj\OneDrive\Desktop\PyCharm Community Edition 2024.3.1.1\bin;;C:\msys64\ucrt64\bin;C:\Users\pranj\AppData\Local\Programs\Microsoft VS Code\bin;C:\MinGW\bin;C:\Program Files\nodejs\;C:\Users\pranj\AppData\Local\Programs\mongosh\
USERNAME=pranj
LANG=en_US.UTF-8
OS=Windows_NT
PROCESSOR_IDENTIFIER=Intel64 Family 6 Model 140 Stepping 1, GenuineIntel
TMP=C:\Users\pranj\AppData\Local\Temp
TEMP=C:\Users\pranj\AppData\Local\Temp




Periodic native trim disabled

---------------  S Y S T E M  ---------------

OS:
 Windows 11 , 64 bit Build 26100 (10.0.26100.4768)
OS uptime: 9 days 23:34 hours
Hyper-V role detected

CPU: total 4 (initial active 4) (2 cores per cpu, 2 threads per core) family 6 model 140 stepping 1 microcode 0xac, cx8, cmov, fxsr, ht, mmx, 3dnowpref, sse, sse2, sse3, ssse3, sse4.1, sse4.2, popcnt, lzcnt, tsc, tscinvbit, avx, avx2, aes, erms, clmul, bmi1, bmi2, adx, avx512f, avx512dq, avx512cd, avx512bw, avx512vl, sha, fma, vzeroupper, avx512_vpopcntdq, avx512_vpclmulqdq, avx512_vaes, avx512_vnni, clflush, clflushopt, clwb, avx512_vbmi2, avx512_vbmi, hv, rdtscp, rdpid, fsrm, gfni, avx512_bitalg, f16c, cet_ibt, cet_ss, avx512_ifma
Processor Information for processor 0
  Max Mhz: 2995, Current Mhz: 2995, Mhz Limit: 2995
Processor Information for processor 1
  Max Mhz: 2995, Current Mhz: 2995, Mhz Limit: 2995
Processor Information for processor 2
  Max Mhz: 2995, Current Mhz: 2995, Mhz Limit: 2995
Processor Information for processor 3
  Max Mhz: 2995, Current Mhz: 1198, Mhz Limit: 2995

Memory: 4k page, system-wide physical 7932M (983M free)
TotalPageFile size 14579M (AvailPageFile size 13M)
current process WorkingSet (physical memory assigned to process): 211M, peak: 211M
current process commit charge ("private bytes"): 269M, peak: 294M

vm_info: Java HotSpot(TM) 64-Bit Server VM (23.0.2+7-58) for windows-amd64 JRE (23.0.2+7-58), built on 2024-11-29T09:34:55Z with MS VC++ 17.6 (VS2022)

END.
